[debug] [2025-07-23T06:06:36.656Z] ----------------------------------------------------------------------
[debug] [2025-07-23T06:06:36.658Z] Command:       C:\Program Files\nodejs\node.exe C:\Users\pushp\AppData\Roaming\npm\node_modules\firebase-tools\lib\bin\firebase.js init functions
[debug] [2025-07-23T06:06:36.658Z] CLI Version:   14.11.1
[debug] [2025-07-23T06:06:36.658Z] Platform:      win32
[debug] [2025-07-23T06:06:36.658Z] Node Version:  v22.13.0
[debug] [2025-07-23T06:06:36.659Z] Time:          Wed Jul 23 2025 00:06:36 GMT-0600 (Mountain Daylight Time)
[debug] [2025-07-23T06:06:36.659Z] ----------------------------------------------------------------------
[debug] 
[debug] [2025-07-23T06:06:36.663Z] > command requires scopes: ["email","openid","https://www.googleapis.com/auth/cloudplatformprojects.readonly","https://www.googleapis.com/auth/firebase","https://www.googleapis.com/auth/cloud-platform"]
[debug] [2025-07-23T06:06:36.663Z] > authorizing via signed-in user (pushpreetsingh9@gmail.com)
[info] 
     ######## #### ########  ######## ########     ###     ######  ########
     ##        ##  ##     ## ##       ##     ##  ##   ##  ##       ##
     ######    ##  ########  ######   ########  #########  ######  ######
     ##        ##  ##    ##  ##       ##     ## ##     ##       ## ##
     ##       #### ##     ## ######## ########  ##     ##  ######  ########

You're about to initialize a Firebase project in this directory:

  C:\Users\pushp\Desktop\SEM 3\software\Shifa\functions

[info] 
=== Project Setup
[info] 
[info] First, let's associate this project directory with a Firebase project.
[info] You can create multiple project aliases by running firebase use --add, 
[info] but for now we'll just set up a default project.
[info] 
[info] i  If you want to create a project in a Google Cloud organization or folder, please use "firebase projects:create" instead, and return to this command when you've created the project. 
[debug] [2025-07-23T06:07:45.507Z] Checked if tokens are valid: true, expires at: 1753254384671
[debug] [2025-07-23T06:07:45.507Z] Checked if tokens are valid: true, expires at: 1753254384671
[debug] [2025-07-23T06:07:45.509Z] >>> [apiv2][query] POST https://firebase.googleapis.com/v1/projects:checkProjectId [none]
[debug] [2025-07-23T06:07:45.509Z] >>> [apiv2][body] POST https://firebase.googleapis.com/v1/projects:checkProjectId {"proposedId":"1234567"}
[debug] [2025-07-23T06:07:46.144Z] <<< [apiv2][status] POST https://firebase.googleapis.com/v1/projects:checkProjectId 200
[debug] [2025-07-23T06:07:46.144Z] <<< [apiv2][body] POST https://firebase.googleapis.com/v1/projects:checkProjectId {"projectIdStatus":"PROJECT_ID_NOT_VALID","suggestedProjectId":"project-155106173803742513"}
[debug] [2025-07-23T06:08:21.850Z] Checked if tokens are valid: true, expires at: 1753254384671
[debug] [2025-07-23T06:08:21.850Z] Checked if tokens are valid: true, expires at: 1753254384671
[debug] [2025-07-23T06:08:21.852Z] >>> [apiv2][query] POST https://firebase.googleapis.com/v1/projects:checkProjectId [none]
[debug] [2025-07-23T06:08:21.852Z] >>> [apiv2][body] POST https://firebase.googleapis.com/v1/projects:checkProjectId {"proposedId":"155106173803742513."}
[debug] [2025-07-23T06:08:22.390Z] <<< [apiv2][status] POST https://firebase.googleapis.com/v1/projects:checkProjectId 400
[debug] [2025-07-23T06:08:22.390Z] <<< [apiv2][body] POST https://firebase.googleapis.com/v1/projects:checkProjectId {"error":{"code":400,"message":"Request contains an invalid argument.","status":"INVALID_ARGUMENT"}}
[debug] [2025-07-23T06:08:22.391Z] Couldn't check if project ID 155106173803742513. is available. Original error: FirebaseError: Failed to check if project ID is available. See firebase-debug.log for more info.
[debug] [2025-07-23T06:08:35.338Z] Checked if tokens are valid: true, expires at: 1753254384671
[debug] [2025-07-23T06:08:35.338Z] Checked if tokens are valid: true, expires at: 1753254384671
[debug] [2025-07-23T06:08:35.339Z] >>> [apiv2][query] POST https://cloudresourcemanager.googleapis.com/v1/projects [none]
[debug] [2025-07-23T06:08:35.339Z] >>> [apiv2][body] POST https://cloudresourcemanager.googleapis.com/v1/projects {"projectId":"155106173803742513.","name":"Shifa"}
[debug] [2025-07-23T06:08:35.784Z] <<< [apiv2][status] POST https://cloudresourcemanager.googleapis.com/v1/projects 400
[debug] [2025-07-23T06:08:35.784Z] <<< [apiv2][body] POST https://cloudresourcemanager.googleapis.com/v1/projects {"error":{"code":400,"message":"field [project_id] has issue [project_id contains invalid characters]","status":"INVALID_ARGUMENT","details":[{"@type":"type.googleapis.com/google.rpc.BadRequest","fieldViolations":[{"field":"project_id","description":"project_id contains invalid characters"}]},{"@type":"type.googleapis.com/google.rpc.Help","links":[{"url":"https://cloud.google.com/resource-manager/reference/rest/v1/projects"}]}]}}
[debug] [2025-07-23T06:08:36.170Z] FirebaseError: Request to https://cloudresourcemanager.googleapis.com/v1/projects had HTTP Error: 400, field [project_id] has issue [project_id contains invalid characters]
    at responseToError (C:\Users\pushp\AppData\Roaming\npm\node_modules\firebase-tools\lib\responseToError.js:52:12)
    at RetryOperation._fn (C:\Users\pushp\AppData\Roaming\npm\node_modules\firebase-tools\lib\apiv2.js:312:77)
    at process.processTicksAndRejections (node:internal/process/task_queues:105:5)
[error] 
[error] Error: Failed to create project. See firebase-debug.log for more info.
