[debug] [2025-08-11T21:35:37.547Z] ----------------------------------------------------------------------
[debug] [2025-08-11T21:35:37.551Z] Command:       C:\Program Files\nodejs\node.exe C:\Users\pushp\AppData\Roaming\npm\node_modules\firebase-tools\lib\bin\firebase.js init
[debug] [2025-08-11T21:35:37.552Z] CLI Version:   14.11.1
[debug] [2025-08-11T21:35:37.552Z] Platform:      win32
[debug] [2025-08-11T21:35:37.553Z] Node Version:  v22.13.0
[debug] [2025-08-11T21:35:37.553Z] Time:          Mon Aug 11 2025 15:35:37 GMT-0600 (Mountain Daylight Time)
[debug] [2025-08-11T21:35:37.554Z] ----------------------------------------------------------------------
[debug] 
[debug] [2025-08-11T21:35:37.837Z] > command requires scopes: ["email","openid","https://www.googleapis.com/auth/cloudplatformprojects.readonly","https://www.googleapis.com/auth/firebase","https://www.googleapis.com/auth/cloud-platform"]
[debug] [2025-08-11T21:35:37.839Z] > authorizing via signed-in user (pushpreetsingh9@gmail.com)
[info] 
     ######## #### ########  ######## ########     ###     ######  ########
     ##        ##  ##     ## ##       ##     ##  ##   ##  ##       ##
     ######    ##  ########  ######   ########  #########  ######  ######
     ##        ##  ##    ##  ##       ##     ## ##     ##       ## ##
     ##       #### ##     ## ######## ########  ##     ##  ######  ########

You're about to initialize a Firebase project in this directory:

  C:\Users\pushp\Desktop\SEM 3\software\Shifa

Before we get started, keep in mind:

  * You are initializing within an existing Firebase project directory

[info] 
=== Project Setup
[info] 
[info] First, let's associate this project directory with a Firebase project.
[info] You can create multiple project aliases by running firebase use --add, 
[info] but for now we'll just set up a default project.
[info] 
[debug] [2025-08-11T21:36:16.259Z] Using project from CLI flag: eventapp-fd016
[debug] [2025-08-11T21:36:16.260Z] Checked if tokens are valid: true, expires at: 1754951550525
[debug] [2025-08-11T21:36:16.260Z] Checked if tokens are valid: true, expires at: 1754951550525
[debug] [2025-08-11T21:36:16.261Z] >>> [apiv2][query] GET https://firebase.googleapis.com/v1beta1/projects/eventapp-fd016 [none]
[debug] [2025-08-11T21:36:16.908Z] <<< [apiv2][status] GET https://firebase.googleapis.com/v1beta1/projects/eventapp-fd016 200
[debug] [2025-08-11T21:36:16.908Z] <<< [apiv2][body] GET https://firebase.googleapis.com/v1beta1/projects/eventapp-fd016 {"projectId":"eventapp-fd016","projectNumber":"541518153179","displayName":"EventApp","name":"projects/eventapp-fd016","resources":{"hostingSite":"eventapp-fd016"},"state":"ACTIVE","etag":"1_9b3589cf-22b2-4f9c-989e-f865d3ff9447"}
[info] i  Using project eventapp-fd016 (EventApp) 
[info] 
=== Functions Setup
[debug] [2025-08-11T21:36:16.923Z] > command requires scopes: ["email","openid","https://www.googleapis.com/auth/cloudplatformprojects.readonly","https://www.googleapis.com/auth/firebase","https://www.googleapis.com/auth/cloud-platform"]
[debug] [2025-08-11T21:36:16.923Z] > authorizing via signed-in user (pushpreetsingh9@gmail.com)
[debug] [2025-08-11T21:36:16.923Z] [iam] checking project eventapp-fd016 for permissions ["firebase.projects.get"]
[debug] [2025-08-11T21:36:16.924Z] Checked if tokens are valid: true, expires at: 1754951550525
[debug] [2025-08-11T21:36:16.924Z] Checked if tokens are valid: true, expires at: 1754951550525
[debug] [2025-08-11T21:36:16.924Z] >>> [apiv2][query] POST https://cloudresourcemanager.googleapis.com/v1/projects/eventapp-fd016:testIamPermissions [none]
[debug] [2025-08-11T21:36:16.924Z] >>> [apiv2][(partial)header] POST https://cloudresourcemanager.googleapis.com/v1/projects/eventapp-fd016:testIamPermissions x-goog-quota-user=projects/eventapp-fd016
[debug] [2025-08-11T21:36:16.924Z] >>> [apiv2][body] POST https://cloudresourcemanager.googleapis.com/v1/projects/eventapp-fd016:testIamPermissions {"permissions":["firebase.projects.get"]}
[debug] [2025-08-11T21:36:17.414Z] <<< [apiv2][status] POST https://cloudresourcemanager.googleapis.com/v1/projects/eventapp-fd016:testIamPermissions 200
[debug] [2025-08-11T21:36:17.415Z] <<< [apiv2][body] POST https://cloudresourcemanager.googleapis.com/v1/projects/eventapp-fd016:testIamPermissions {"permissions":["firebase.projects.get"]}
[info] 
Detected existing codebase(s): default

[info] Let's create a new codebase for your functions.
[info] A directory corresponding to the codebase will be created in your project
[info] with sample code pre-configured.

[info] See https://firebase.google.com/docs/functions/organize-functions for
[info] more information on organizing your functions using codebases.

[info] Functions can be deployed with firebase deploy.

[debug] [2025-08-11T21:37:29.092Z] ExitPromptError: User force closed the prompt with SIGINT
    at Interface.sigint (C:\Users\pushp\AppData\Roaming\npm\node_modules\firebase-tools\node_modules\@inquirer\core\dist\commonjs\lib\create-prompt.js:101:37)
    at Interface.emit (node:events:524:28)
    at Interface.emit (node:domain:489:12)
    at [_ttyWrite] [as _ttyWrite] (node:internal/readline/interface:1124:18)
    at ReadStream.onkeypress (node:internal/readline/interface:263:20)
    at ReadStream.emit (node:events:536:35)
    at ReadStream.emit (node:domain:489:12)
    at emitKeys (node:internal/readline/utils:370:14)
    at emitKeys.next (<anonymous>)
    at ReadStream.onData (node:internal/readline/emitKeypressEvents:64:36)
[error] 
[error] Error: An unexpected error has occurred.
